[ 2017-03-05T15:11:23+08:00 ]E_PARSE: syntax error, unexpected '<'(E_PARSE)/Applications/MAMP/htdocs/houdun/Jian_Blog/blog_two/storage/view/compile/app_home_view_search_index_php_0c3ea.php (164).
[ 2017-03-05T15:12:47+08:00 ]E_PARSE: syntax error, unexpected ')'(E_PARSE)/Applications/MAMP/htdocs/houdun/Jian_Blog/blog_two/storage/view/compile/app_home_view_search_index_php_0c3ea.php (165).
[ 2017-03-05T15:13:06+08:00 ]E_PARSE: syntax error, unexpected ')'(E_PARSE)/Applications/MAMP/htdocs/houdun/Jian_Blog/blog_two/storage/view/compile/app_home_view_search_index_php_0c3ea.php (165).
[ 2017-03-05T15:16:06+08:00 ]E_PARSE: syntax error, unexpected ')'(E_PARSE)/Applications/MAMP/htdocs/houdun/Jian_Blog/blog_two/storage/view/compile/app_home_view_search_index_php_0c3ea.php (166).
[ 2017-03-05T15:16:13+08:00 ]E_PARSE: syntax error, unexpected ')'(E_PARSE)/Applications/MAMP/htdocs/houdun/Jian_Blog/blog_two/storage/view/compile/app_home_view_search_index_php_0c3ea.php (166).
[ 2017-03-05T15:34:12+08:00 ]E_WARNING: Illegal string offset 'title'(2)/Applications/MAMP/htdocs/houdun/Jian_Blog/blog_two/storage/view/compile/app_home_view_search_index_php_0c3ea.php (173).
[ 2017-03-05T15:34:56+08:00 ]E_WARNING: Illegal string offset 'title'(2)/Applications/MAMP/htdocs/houdun/Jian_Blog/blog_two/storage/view/compile/app_home_view_search_index_php_0c3ea.php (173).
[ 2017-03-05T15:35:11+08:00 ]E_WARNING: Illegal string offset 'title'(2)/Applications/MAMP/htdocs/houdun/Jian_Blog/blog_two/storage/view/compile/app_home_view_search_index_php_0c3ea.php (173).
[ 2017-03-05T15:35:51+08:00 ]E_WARNING: Illegal string offset 'title'(2)/Applications/MAMP/htdocs/houdun/Jian_Blog/blog_two/storage/view/compile/app_home_view_search_index_php_0c3ea.php (173).
[ 2017-03-05T15:36:10+08:00 ]E_WARNING: Illegal string offset 'title'(2)/Applications/MAMP/htdocs/houdun/Jian_Blog/blog_two/storage/view/compile/app_home_view_search_index_php_0c3ea.php (173).
[ 2017-03-05T15:36:32+08:00 ]E_WARNING: Illegal string offset 'title'(2)/Applications/MAMP/htdocs/houdun/Jian_Blog/blog_two/storage/view/compile/app_home_view_search_index_php_0c3ea.php (173).
[ 2017-03-05T15:37:38+08:00 ]E_WARNING: Illegal string offset 'title'(2)/Applications/MAMP/htdocs/houdun/Jian_Blog/blog_two/storage/view/compile/app_home_view_search_index_php_0c3ea.php (173).
[ 2017-03-05T16:12:38+08:00 ]E_PARSE: syntax error, unexpected 'else' (T_ELSE)(E_PARSE)/Applications/MAMP/htdocs/houdun/Jian_Blog/blog_two/storage/view/compile/app_home_view_search_index_php_0c3ea.php (169).
[ 2017-03-05T16:48:17+08:00 ]E_WARNING: call_user_func_array() expects parameter 1 to be a valid callback, class 'houdunwang\db\connection\Mysql' does not have a method 'rand'(2)/Applications/MAMP/htdocs/houdun/Jian_Blog/blog_two/vendor/houdunwang/db/src/Query.php (780).
[ 2017-03-05T16:59:16+08:00 ]E_WARNING: call_user_func_array() expects parameter 1 to be a valid callback, class 'houdunwang\db\connection\Mysql' does not have a method 'rand'(2)/Applications/MAMP/htdocs/houdun/Jian_Blog/blog_two/vendor/houdunwang/db/src/Query.php (780).
[ 2017-03-05T16:59:18+08:00 ]E_WARNING: call_user_func_array() expects parameter 1 to be a valid callback, class 'houdunwang\db\connection\Mysql' does not have a method 'rand'(2)/Applications/MAMP/htdocs/houdun/Jian_Blog/blog_two/vendor/houdunwang/db/src/Query.php (780).
[ 2017-03-05T17:10:28+08:00 ]EXCEPTION:             select * from article order by rand() limit 3; ;BindParams:array (
)42S02;1146;Table 'blog_test.article' doesn't exist
[ 2017-03-05T18:25:23+08:00 ]E_WARNING: call_user_func_array() expects parameter 1 to be a valid callback, class 'houdunwang\db\connection\Mysql' does not have a method 'rand'(2)/Applications/MAMP/htdocs/houdun/Jian_Blog/blog_two/vendor/houdunwang/db/src/Query.php (780).
[ 2017-03-05T18:25:53+08:00 ]EXCEPTION: SELECT * FROM blog_article     ORDER BY rand  ASC  LIMIT 5  ;BindParams:array (
)42S22;1054;Unknown column 'rand' in 'order clause'
[ 2017-03-05T18:26:14+08:00 ]EXCEPTION: SELECT * FROM blog_article     ORDER BY 665470903  ASC  LIMIT 5  ;BindParams:array (
)42S22;1054;Unknown column '665470903' in 'order clause'
[ 2017-03-05T18:26:41+08:00 ]EXCEPTION: SELECT * FROM blog_article     ORDER BY   ASC  LIMIT 5  ;BindParams:array (
)42000;1064;You have an error in your SQL syntax; check the manual that corresponds to your MySQL server version for the right syntax to use near 'ASC  LIMIT 5' at line 1
[ 2017-03-05T18:26:44+08:00 ]EXCEPTION: SELECT * FROM blog_article     ORDER BY   ASC  LIMIT 5  ;BindParams:array (
)42000;1064;You have an error in your SQL syntax; check the manual that corresponds to your MySQL server version for the right syntax to use near 'ASC  LIMIT 5' at line 1
[ 2017-03-05T19:28:41+08:00 ]E_WARNING: Illegal string offset 'title'(2)/Applications/MAMP/htdocs/houdun/Jian_Blog/blog_two/storage/view/compile/app_home_view_search_index_php_0c3ea.php (337).
[ 2017-03-05T19:31:00+08:00 ]E_PARSE: syntax error, unexpected '{', expecting ',' or ';'(E_PARSE)/Applications/MAMP/htdocs/houdun/Jian_Blog/blog_two/storage/view/compile/app_home_view_search_index_php_0c3ea.php (337).
[ 2017-03-05T19:51:12+08:00 ]E_WARNING: Cannot use a scalar value as an array(2)/Applications/MAMP/htdocs/houdun/Jian_Blog/blog_two/vendor/houdunwang/session/src/build/Base.php (80).
[ 2017-03-05T19:51:15+08:00 ]E_WARNING: Cannot use a scalar value as an array(2)/Applications/MAMP/htdocs/houdun/Jian_Blog/blog_two/vendor/houdunwang/session/src/build/Base.php (80).
[ 2017-03-05T19:51:16+08:00 ]E_WARNING: Cannot use a scalar value as an array(2)/Applications/MAMP/htdocs/houdun/Jian_Blog/blog_two/vendor/houdunwang/session/src/build/Base.php (80).
[ 2017-03-05T19:51:18+08:00 ]E_WARNING: Cannot use a scalar value as an array(2)/Applications/MAMP/htdocs/houdun/Jian_Blog/blog_two/vendor/houdunwang/session/src/build/Base.php (80).
[ 2017-03-05T19:51:18+08:00 ]E_WARNING: Cannot use a scalar value as an array(2)/Applications/MAMP/htdocs/houdun/Jian_Blog/blog_two/vendor/houdunwang/session/src/build/Base.php (80).
[ 2017-03-05T19:51:18+08:00 ]E_WARNING: Cannot use a scalar value as an array(2)/Applications/MAMP/htdocs/houdun/Jian_Blog/blog_two/vendor/houdunwang/session/src/build/Base.php (80).
[ 2017-03-05T19:51:19+08:00 ]E_WARNING: Cannot use a scalar value as an array(2)/Applications/MAMP/htdocs/houdun/Jian_Blog/blog_two/vendor/houdunwang/session/src/build/Base.php (80).
[ 2017-03-05T19:51:24+08:00 ]E_WARNING: Cannot use a scalar value as an array(2)/Applications/MAMP/htdocs/houdun/Jian_Blog/blog_two/vendor/houdunwang/session/src/build/Base.php (80).
[ 2017-03-05T20:09:51+08:00 ]E_PARSE: syntax error, unexpected 'echo' (T_ECHO)(E_PARSE)/Applications/MAMP/htdocs/houdun/Jian_Blog/blog_two/storage/view/compile/app_home_view_entry_index_php_4ff5e.php (243).
[ 2017-03-05T20:09:58+08:00 ]E_PARSE: syntax error, unexpected 'echo' (T_ECHO)(E_PARSE)/Applications/MAMP/htdocs/houdun/Jian_Blog/blog_two/storage/view/compile/app_home_view_entry_index_php_4ff5e.php (243).
