[ 2017-07-22T10:49:57+08:00 ]E_NOTICE: Unknown: send of 5 bytes failed with errno=32 Broken pipe(E_NOTICE)Unknown (0).
[ 2017-07-22T11:05:17+08:00 ]E_COMPILE_ERROR: Cannot redeclare dd() (previously declared in /www/web/dqdl_net/public_html/vendor/houdunwang/framework/src/helper.php:95)(E_COMPILE_ERROR)/www/web/dqdl_net/public_html/vendor/jianbs/helper.php (30).
[ 2017-07-22T11:12:23+08:00 ]E_ERROR: Call to undefined function app\admin\controller\jianbs()(E_ERROR)/www/web/dqdl_net/public_html/app/admin/controller/Login.php (17).
[ 2017-07-22T13:41:30+08:00 ]E_ERROR: Class name must be a valid object or a string(E_ERROR)/www/web/dqdl_net/public_html/vendor/jianbs/jianbs_fun.php (41).
[ 2017-07-22T13:44:07+08:00 ]E_ERROR: Class 'OssClient' not found(E_ERROR)/www/web/dqdl_net/public_html/vendor/jianbs/jianbs_fun.php (41).
[ 2017-07-22T13:44:17+08:00 ]E_ERROR: Class name must be a valid object or a string(E_ERROR)/www/web/dqdl_net/public_html/vendor/jianbs/jianbs_fun.php (41).
[ 2017-07-22T13:44:59+08:00 ]E_ERROR: Class name must be a valid object or a string(E_ERROR)/www/web/dqdl_net/public_html/vendor/jianbs/jianbs_fun.php (41).
[ 2017-07-22T13:45:01+08:00 ]E_ERROR: Class name must be a valid object or a string(E_ERROR)/www/web/dqdl_net/public_html/vendor/jianbs/jianbs_fun.php (41).
[ 2017-07-22T13:47:12+08:00 ]E_ERROR: Class 'OssClient' not found(E_ERROR)/www/web/dqdl_net/public_html/vendor/jianbs/jianbs_fun.php (41).
[ 2017-07-22T13:48:10+08:00 ]E_ERROR: Class 'OssClient' not found(E_ERROR)/www/web/dqdl_net/public_html/vendor/jianbs/jianbs_fun.php (41).
[ 2017-07-22T13:48:52+08:00 ]E_ERROR: Call to undefined function app\admin\controller\oss_upload()(E_ERROR)/www/web/dqdl_net/public_html/app/admin/controller/Index.php (12).
[ 2017-07-22T13:50:06+08:00 ]E_ERROR: Class 'OssClient' not found(E_ERROR)/www/web/dqdl_net/public_html/vendor/jianbs/jianbs_fun.php (41).
[ 2017-07-22T13:50:08+08:00 ]E_ERROR: Class 'OssClient' not found(E_ERROR)/www/web/dqdl_net/public_html/vendor/jianbs/jianbs_fun.php (41).
[ 2017-07-22T13:54:13+08:00 ]E_ERROR: Call to undefined function app\admin\controller\oss_upload()(E_ERROR)/www/web/dqdl_net/public_html/app/admin/controller/Index.php (12).
[ 2017-07-22T13:54:33+08:00 ]E_ERROR: Call to undefined function app\admin\controller\oss_upload()(E_ERROR)/www/web/dqdl_net/public_html/app/admin/controller/Index.php (12).
[ 2017-07-22T13:54:35+08:00 ]E_ERROR: Call to undefined function app\admin\controller\oss_upload()(E_ERROR)/www/web/dqdl_net/public_html/app/admin/controller/Index.php (12).
[ 2017-07-22T13:54:35+08:00 ]E_ERROR: Call to undefined function app\admin\controller\oss_upload()(E_ERROR)/www/web/dqdl_net/public_html/app/admin/controller/Index.php (12).
[ 2017-07-22T13:54:36+08:00 ]E_ERROR: Call to undefined function app\admin\controller\oss_upload()(E_ERROR)/www/web/dqdl_net/public_html/app/admin/controller/Index.php (12).
[ 2017-07-22T13:54:37+08:00 ]E_ERROR: Call to undefined function app\admin\controller\oss_upload()(E_ERROR)/www/web/dqdl_net/public_html/app/admin/controller/Index.php (12).
[ 2017-07-22T13:54:37+08:00 ]E_ERROR: Call to undefined function app\admin\controller\oss_upload()(E_ERROR)/www/web/dqdl_net/public_html/app/admin/controller/Index.php (12).
[ 2017-07-22T13:58:10+08:00 ]E_ERROR: Class 'vendor\jianbs\Alioss\src\OSS\OssClient' not found(E_ERROR)/www/web/dqdl_net/public_html/vendor/jianbs/jianbs_fun.php (40).
[ 2017-07-22T14:03:54+08:00 ]E_ERROR: Class 'Alioss\src\OSS\OssClient' not found(E_ERROR)/www/web/dqdl_net/public_html/vendor/jianbs/jianbs_fun.php (40).
[ 2017-07-22T14:03:56+08:00 ]E_ERROR: Class 'Alioss\src\OSS\OssClient' not found(E_ERROR)/www/web/dqdl_net/public_html/vendor/jianbs/jianbs_fun.php (40).
[ 2017-07-22T14:04:08+08:00 ]E_ERROR: Class 'OssClient' not found(E_ERROR)/www/web/dqdl_net/public_html/vendor/jianbs/jianbs_fun.php (40).
[ 2017-07-22T14:08:02+08:00 ]E_ERROR: Class 'vendor\jianbs\Alioss\src\OSSOssClient' not found(E_ERROR)/www/web/dqdl_net/public_html/vendor/jianbs/jianbs_fun.php (40).
[ 2017-07-22T14:08:03+08:00 ]E_ERROR: Class 'vendor\jianbs\Alioss\src\OSSOssClient' not found(E_ERROR)/www/web/dqdl_net/public_html/vendor/jianbs/jianbs_fun.php (40).
[ 2017-07-22T14:08:40+08:00 ]E_ERROR: Class 'OSS\Core\OssUtil' not found(E_ERROR)/www/web/dqdl_net/public_html/vendor/jianbs/jianbs_fun.php (41).
[ 2017-07-22T14:11:22+08:00 ]E_ERROR: Call to undefined function vendor()(E_ERROR)/www/web/dqdl_net/public_html/vendor/jianbs/jianbs_fun.php (39).
[ 2017-07-22T14:17:28+08:00 ]E_ERROR: Class 'OSS\OssClient' not found(E_ERROR)/www/web/dqdl_net/public_html/vendor/jianbs/jianbs_fun.php (40).
[ 2017-07-22T14:18:41+08:00 ]E_ERROR: Class 'OSS\OssClient' not found(E_ERROR)/www/web/dqdl_net/public_html/vendor/jianbs/jianbs_fun.php (40).
[ 2017-07-22T14:21:21+08:00 ]E_WARNING: call_user_func_array() expects parameter 1 to be a valid callback, class 'houdunwang\framework\build\Base' does not have a method 'addMap'(2)/www/web/dqdl_net/public_html/vendor/houdunwang/framework/src/build/Facade.php (42).
