[ 2017-07-06T10:13:44+08:00 ]E_ERROR: Class 'app\home\controller\common' not found(E_ERROR)/www/web/dqdl_net/public_html/app/home/controller/Search.php (6).
[ 2017-07-06T10:13:50+08:00 ]E_ERROR: Class 'app\home\controller\common' not found(E_ERROR)/www/web/dqdl_net/public_html/app/home/controller/Search.php (6).
[ 2017-07-06T10:15:27+08:00 ]E_ERROR: Class 'app\home\controller\common' not found(E_ERROR)/www/web/dqdl_net/public_html/app/home/controller/Search.php (6).
[ 2017-07-06T10:16:31+08:00 ]E_ERROR: Class 'app\home\controller\common' not found(E_ERROR)/www/web/dqdl_net/public_html/app/home/controller/Search.php (6).
[ 2017-07-06T10:27:05+08:00 ]E_ERROR: Class 'app\home\controller\common' not found(E_ERROR)/www/web/dqdl_net/public_html/app/home/controller/Search.php (6).
[ 2017-07-06T10:29:46+08:00 ]E_ERROR: Class 'app\home\controller\common' not found(E_ERROR)/www/web/dqdl_net/public_html/app/home/controller/Search.php (6).
[ 2017-07-06T10:30:25+08:00 ]E_ERROR: Class 'app\home\controller\common' not found(E_ERROR)/www/web/dqdl_net/public_html/app/home/controller/Search.php (6).
[ 2017-07-06T10:30:43+08:00 ]E_ERROR: Class 'app\home\controller\common' not found(E_ERROR)/www/web/dqdl_net/public_html/app/home/controller/Search.php (6).
[ 2017-07-06T10:30:47+08:00 ]E_ERROR: Class 'app\home\controller\common' not found(E_ERROR)/www/web/dqdl_net/public_html/app/home/controller/Search.php (6).
[ 2017-07-06T10:33:42+08:00 ]E_ERROR: Class 'app\admin\controller\common' not found(E_ERROR)/www/web/dqdl_net/public_html/app/admin/controller/Tag.php (5).
[ 2017-07-06T10:35:14+08:00 ]E_ERROR: Class 'app\admin\controller\common' not found(E_ERROR)/www/web/dqdl_net/public_html/app/admin/controller/Article.php (3).
[ 2017-07-06T10:38:51+08:00 ]E_ERROR: Class 'app\admin\controller\common' not found(E_ERROR)/www/web/dqdl_net/public_html/app/admin/controller/Link.php (3).
[ 2017-07-06T10:39:19+08:00 ]E_ERROR: Class 'app\admin\controller\common' not found(E_ERROR)/www/web/dqdl_net/public_html/app/admin/controller/Webset.php (3).
[ 2017-07-06T10:39:43+08:00 ]E_ERROR: Class 'app\admin\controller\common' not found(E_ERROR)/www/web/dqdl_net/public_html/app/admin/controller/Userset.php (3).
[ 2017-07-06T10:50:03+08:00 ]EXCEPTION: select * from blog_article where title like  %回收站% and is_recycle = 0 ;BindParams:array (
)42000;1064;You have an error in your SQL syntax; check the manual that corresponds to your MySQL server version for the right syntax to use near '%回收站% and is_recycle = 0' at line 1
[ 2017-07-06T10:50:26+08:00 ]EXCEPTION: select * from blog_article where title like  %'回收站'% and is_recycle = 0 ;BindParams:array (
)42000;1064;You have an error in your SQL syntax; check the manual that corresponds to your MySQL server version for the right syntax to use near '%'回收站'% and is_recycle = 0' at line 1
[ 2017-07-06T10:58:55+08:00 ]E_USER_ERROR: 模板不存在:app/home/view/search/index.php(256)/www/web/dqdl_net/public_html/vendor/houdunwang/view/src/build/Base.php (130).
[ 2017-07-06T12:36:58+08:00 ]E_WARNING: unlink(): open_basedir restriction in effect. File() is not within the allowed path(s): (/www/web/dqdl_net:/tmp)(2)/www/web/dqdl_net/public_html/app/admin/controller/Webset.php (62).
[ 2017-07-06T13:24:51+08:00 ]E_USER_ERROR: 模板不存在:app/wap/view/entry/index.php(256)/www/web/dqdl_net/public_html/vendor/houdunwang/view/src/build/Base.php (130).
[ 2017-07-06T14:33:31+08:00 ]EXCEPTION: SELECT count(*) AS m FROM blog_article_tag  WHERE tag_tid = ? AND is_recycle = ?     ;BindParams:array (
  1 => '1',
  2 => 0,
)42S22;1054;Unknown column 'is_recycle' in 'where clause'
[ 2017-07-06T14:37:17+08:00 ]E_PARSE: syntax error, unexpected 'and' (T_LOGICAL_AND)(E_PARSE)/www/web/dqdl_net/public_html/app/wap/controller/Listpage.php (71).
[ 2017-07-06T14:40:23+08:00 ]EXCEPTION: SELECT count(*) AS m FROM blog_article_tag  WHERE Array     ;BindParams:array (
)42S22;1054;Unknown column 'Array' in 'where clause'
[ 2017-07-06T14:41:18+08:00 ]EXCEPTION: SELECT count(*) AS m FROM blog_article_tag  WHERE tag_tid = ?  AND  is_recycle = ?     ;BindParams:array (
  1 => '1',
  2 => 0,
)42S22;1054;Unknown column 'is_recycle' in 'where clause'
