[ 2017-03-11T01:49:04+08:00 ]EXCEPTION: SELECT * FROM blog_article     ORDER BY 1832241272  ASC  LIMIT 6  ;BindParams:array (
)42S22;1054;Unknown column '1832241272' in 'order clause'
[ 2017-03-11T01:53:02+08:00 ]EXCEPTION: select * from blog_article order by rand() where 'is_recycle' = 0 limit 6 ;BindParams:array (
)42000;1064;You have an error in your SQL syntax; check the manual that corresponds to your MySQL server version for the right syntax to use near 'where 'is_recycle' = 0 limit 6' at line 1
[ 2017-03-11T02:11:08+08:00 ]E_PARSE: syntax error, unexpected ')'(E_PARSE)/Applications/MAMP/htdocs/houdun/Jian_Blog/blog_two/app/home/controller/Search.php (30).
[ 2017-03-11T02:19:09+08:00 ]E_PARSE: syntax error, unexpected 'unset' (T_UNSET)(E_PARSE)/Applications/MAMP/htdocs/houdun/Jian_Blog/blog_two/app/home/controller/Search.php (35).
[ 2017-03-11T02:19:26+08:00 ]E_PARSE: syntax error, unexpected 'unset' (T_UNSET)(E_PARSE)/Applications/MAMP/htdocs/houdun/Jian_Blog/blog_two/app/home/controller/Search.php (35).
[ 2017-03-11T02:33:41+08:00 ]E_USER_ERROR: 模板不存在:app/home/view/listpage/currency.php(256)/Applications/MAMP/htdocs/houdun/Jian_Blog/blog_two/vendor/houdunwang/view/src/build/Base.php (130).
[ 2017-03-11T02:45:54+08:00 ]E_WARNING: Illegal string offset 'Keywords'(2)/Applications/MAMP/htdocs/houdun/Jian_Blog/blog_two/app/home/controller/Listpage.php (151).
[ 2017-03-11T02:57:14+08:00 ]E_STRICT: Accessing static property app\home\controller\Listpage::$headConf as non static(2048)/Applications/MAMP/htdocs/houdun/Jian_Blog/blog_two/app/home/controller/Listpage.php (39).
[ 2017-03-11T02:57:34+08:00 ]E_ERROR: Access to undeclared static property: app\home\controller\Listpage::$header(E_ERROR)/Applications/MAMP/htdocs/houdun/Jian_Blog/blog_two/app/home/controller/Listpage.php (39).
[ 2017-03-11T03:00:10+08:00 ]E_STRICT: Accessing static property app\home\controller\Listpage::$headConf as non static(2048)/Applications/MAMP/htdocs/houdun/Jian_Blog/blog_two/app/home/controller/Listpage.php (145).
[ 2017-03-11T03:05:38+08:00 ]E_WARNING: Constants may only evaluate to scalar values(2)/Applications/MAMP/htdocs/houdun/Jian_Blog/blog_two/app/home/controller/Listpage.php (39).
[ 2017-03-11T03:10:28+08:00 ]E_WARNING: Illegal string offset 'value'(2)/Applications/MAMP/htdocs/houdun/Jian_Blog/blog_two/app/home/controller/Listpage.php (158).
[ 2017-03-11T03:10:47+08:00 ]E_WARNING: Illegal string offset 'value'(2)/Applications/MAMP/htdocs/houdun/Jian_Blog/blog_two/app/home/controller/Listpage.php (158).
[ 2017-03-11T03:30:09+08:00 ]E_ERROR: Call to undefined function app\home\controller\redirect()(E_ERROR)/Applications/MAMP/htdocs/houdun/Jian_Blog/blog_two/app/home/controller/Listpage.php (38).
[ 2017-03-11T14:41:00+08:00 ]E_ERROR: Call to undefined function app\admin\controller\where()(E_ERROR)/Applications/MAMP/htdocs/houdun/Jian_Blog/blog_two/app/admin/controller/Index.php (22).
[ 2017-03-11T14:41:23+08:00 ]E_ERROR: Call to undefined function app\admin\controller\where()(E_ERROR)/Applications/MAMP/htdocs/houdun/Jian_Blog/blog_two/app/admin/controller/Index.php (22).
[ 2017-03-11T14:41:40+08:00 ]E_ERROR: Call to undefined function app\admin\controller\where()(E_ERROR)/Applications/MAMP/htdocs/houdun/Jian_Blog/blog_two/app/admin/controller/Index.php (22).
[ 2017-03-11T21:31:28+08:00 ]EXCEPTION: SELECT count(*) AS m FROM blog_article_tag  WHERE tag_tid = ? AND is_recycle = ?     ;BindParams:array (
  1 => '1',
  2 => 0,
)42S22;1054;Unknown column 'is_recycle' in 'where clause'
[ 2017-03-11T21:33:27+08:00 ]EXCEPTION: SELECT count(*) AS m FROM blog_article_tag  WHERE tag_tid = ?  AND  is_recycle = ?     ;BindParams:array (
  1 => '1',
  2 => 0,
)42S22;1054;Unknown column 'is_recycle' in 'where clause'
[ 2017-03-11T21:33:29+08:00 ]EXCEPTION: SELECT count(*) AS m FROM blog_article_tag  WHERE tag_tid = ?  AND  is_recycle = ?     ;BindParams:array (
  1 => '1',
  2 => 0,
)42S22;1054;Unknown column 'is_recycle' in 'where clause'
[ 2017-03-11T21:36:49+08:00 ]EXCEPTION: SELECT count(*) AS m FROM blog_article_tag  WHERE tag_tid = ?  AND  is_recycle = ?     ;BindParams:array (
  1 => '1',
  2 => 0,
)42S22;1054;Unknown column 'is_recycle' in 'where clause'
